Build started 15/05/2014 14:36:23.
     1>Project "E:\C++ Projects\Projects\Orion19\Orion19\Orion19.vcxproj" on node 2 (Build target(s)).
       Project file contains ToolsVersion="12.0". This toolset may be unknown or missing, in which case you may be able to resolve this by installing the appropriate version of MSBuild, or the build may have been forced to a particular ToolsVersion for policy reasons. Treating the project as if it had ToolsVersion="4.0". For more information, please see http://go.microsoft.com/fwlink/?LinkId=291333.
     1>ClCompile:
         C:\Program Files (x86)\Microsoft Visual Studio 11.0\VC\bin\CL.exe /c /Zi /nologo /W3 /WX- /O2 /Oi /Oy- /GL /D WIN32 /D NDEBUG /D _CONSOLE /D _UNICODE /D UNICODE /Gm- /EHsc /MD /GS /Gy /fp:precise /Zc:wchar_t /Zc:forScope /Fo"Release\\" /Fd"Release\vc110.pdb" /Gd /TP /analyze- /errorReport:prompt Planet.cpp
         Planet.cpp
       Link:
         C:\Program Files (x86)\Microsoft Visual Studio 11.0\VC\bin\link.exe /ERRORREPORT:PROMPT /OUT:"E:\C++ Projects\Projects\Orion19\Release\Orion19.exe" /INCREMENTAL:NO /NOLOGO SDL2.lib SDL2main.lib SDL2_image.lib SDL2_mixer.lib SDL2_ttf.lib kernel32.lib user32.lib gdi32.lib winspool.lib comdlg32.lib advapi32.lib shell32.lib ole32.lib oleaut32.lib uuid.lib odbc32.lib odbccp32.lib kernel32.lib user32.lib gdi32.lib winspool.lib comdlg32.lib advapi32.lib shell32.lib ole32.lib oleaut32.lib uuid.lib odbc32.lib odbccp32.lib kernel32.lib user32.lib gdi32.lib winspool.lib comdlg32.lib advapi32.lib shell32.lib ole32.lib oleaut32.lib uuid.lib odbc32.lib odbccp32.lib /MANIFEST /MANIFESTUAC:"level='asInvoker' uiAccess='false'" /manifest:embed /DEBUG /PDB:"E:\C++ Projects\Projects\Orion19\Release\Orion19.pdb" /SUBSYSTEM:CONSOLE /OPT:REF /OPT:ICF /LTCG /TLBID:1 /DYNAMICBASE /NXCOMPAT /IMPLIB:"E:\C++ Projects\Projects\Orion19\Release\Orion19.lib" /MACHINE:X86 /SAFESEH Release\Resources.res
         Release\AssetManager.obj
         Release\Bullet.obj
         Release\Button.obj
         Release\CreditsState.obj
         Release\DefaultState.obj
         Release\Enemy.obj
         Release\Explosion.obj
         Release\GameManager.obj
         Release\GameOverState.obj
         Release\HelpState.obj
         Release\IGameObject.obj
         Release\Input.obj
         Release\main.obj
         Release\Map.obj
         Release\MenuState.obj
         Release\Particle.obj
         Release\Pickup.obj
         Release\Planet.obj
         Release\Player.obj
         Release\SDLFramework.obj
         Release\Sound.obj
         Release\SplashState.obj
         Release\Sprite.obj
         Release\StateManager.obj
         Release\Surface.obj
         Release\Texture.obj
         Release\Timer.obj
         Release\Utils.obj
         Generating code
         Finished generating code
         Orion19.vcxproj -> E:\C++ Projects\Projects\Orion19\Release\Orion19.exe
     1>Done Building Project "E:\C++ Projects\Projects\Orion19\Orion19\Orion19.vcxproj" (Build target(s)).

Build succeeded.

Time Elapsed 00:01:02.07
