i:\c++ projects\projects\orion19\orion19\release\vc120.pdb
i:\c++ projects\projects\orion19\orion19\release\sound.obj
i:\c++ projects\projects\orion19\orion19\release\sdlframework.obj
i:\c++ projects\projects\orion19\orion19\release\player.obj
i:\c++ projects\projects\orion19\orion19\release\pickup.obj
i:\c++ projects\projects\orion19\orion19\release\particle.obj
i:\c++ projects\projects\orion19\orion19\release\menustate.obj
i:\c++ projects\projects\orion19\orion19\release\map.obj
i:\c++ projects\projects\orion19\orion19\release\main.obj
i:\c++ projects\projects\orion19\orion19\release\input.obj
i:\c++ projects\projects\orion19\orion19\release\igameobject.obj
i:\c++ projects\projects\orion19\orion19\release\helpstate.obj
i:\c++ projects\projects\orion19\orion19\release\gameoverstate.obj
i:\c++ projects\projects\orion19\orion19\release\gamemanager.obj
i:\c++ projects\projects\orion19\orion19\release\explosion.obj
i:\c++ projects\projects\orion19\orion19\release\enemy.obj
i:\c++ projects\projects\orion19\orion19\release\defaultstate.obj
i:\c++ projects\projects\orion19\orion19\release\creditsstate.obj
i:\c++ projects\projects\orion19\orion19\release\button.obj
i:\c++ projects\projects\orion19\orion19\release\bullet.obj
i:\c++ projects\projects\orion19\orion19\release\assetmanager.obj
i:\c++ projects\projects\orion19\orion19\release\utils.obj
i:\c++ projects\projects\orion19\orion19\release\timer.obj
i:\c++ projects\projects\orion19\orion19\release\texture.obj
i:\c++ projects\projects\orion19\orion19\release\surface.obj
i:\c++ projects\projects\orion19\orion19\release\statemanager.obj
i:\c++ projects\projects\orion19\orion19\release\sprite.obj
i:\c++ projects\projects\orion19\orion19\release\splashstate.obj
i:\c++ projects\projects\orion19\release\orion19.exe
i:\c++ projects\projects\orion19\release\orion19.pdb
i:\c++ projects\projects\orion19\orion19\release\resources.res
i:\c++ projects\projects\orion19\orion19\release\orion19.tlog\cl.command.1.tlog
i:\c++ projects\projects\orion19\orion19\release\orion19.tlog\cl.read.1.tlog
i:\c++ projects\projects\orion19\orion19\release\orion19.tlog\cl.write.1.tlog
i:\c++ projects\projects\orion19\orion19\release\orion19.tlog\link.command.1.tlog
i:\c++ projects\projects\orion19\orion19\release\orion19.tlog\link.read.1.tlog
i:\c++ projects\projects\orion19\orion19\release\orion19.tlog\link.write.1.tlog
i:\c++ projects\projects\orion19\orion19\release\orion19.tlog\rc.command.1.tlog
i:\c++ projects\projects\orion19\orion19\release\orion19.tlog\rc.read.1.tlog
i:\c++ projects\projects\orion19\orion19\release\orion19.tlog\rc.write.1.tlog
