E:\C++ PROJECTS\PROJECTS\ORION19\ORION19\DEBUG\GAMEMANAGER.OBJ
E:\C++ PROJECTS\PROJECTS\ORION19\ORION19\DEBUG\GAMEOVERSTATE.OBJ
E:\C++ PROJECTS\PROJECTS\ORION19\ORION19\DEBUG\HELPSTATE.OBJ
E:\C++ PROJECTS\PROJECTS\ORION19\ORION19\DEBUG\IGAMEOBJECT.OBJ
E:\C++ PROJECTS\PROJECTS\ORION19\ORION19\DEBUG\INPUT.OBJ
E:\C++ PROJECTS\PROJECTS\ORION19\ORION19\DEBUG\MAP.OBJ
E:\C++ PROJECTS\PROJECTS\ORION19\ORION19\DEBUG\MENUSTATE.OBJ
E:\C++ PROJECTS\PROJECTS\ORION19\ORION19\DEBUG\PARTICLE.OBJ
E:\C++ PROJECTS\PROJECTS\ORION19\ORION19\DEBUG\PICKUP.OBJ
E:\C++ PROJECTS\PROJECTS\ORION19\ORION19\DEBUG\PLAYER.OBJ
E:\C++ PROJECTS\PROJECTS\ORION19\ORION19\DEBUG\SDLFRAMEWORK.OBJ
E:\C++ PROJECTS\PROJECTS\ORION19\ORION19\DEBUG\SOUND.OBJ
E:\C++ PROJECTS\PROJECTS\ORION19\ORION19\DEBUG\SPLASHSTATE.OBJ
E:\C++ PROJECTS\PROJECTS\ORION19\ORION19\DEBUG\SPRITE.OBJ
E:\C++ PROJECTS\PROJECTS\ORION19\ORION19\DEBUG\STATEMANAGER.OBJ
E:\C++ PROJECTS\PROJECTS\ORION19\ORION19\DEBUG\SURFACE.OBJ
E:\C++ PROJECTS\PROJECTS\ORION19\ORION19\DEBUG\TEXTURE.OBJ
E:\C++ PROJECTS\PROJECTS\ORION19\ORION19\DEBUG\TIMER.OBJ
E:\C++ PROJECTS\PROJECTS\ORION19\ORION19\DEBUG\UTILS.OBJ
E:\C++ PROJECTS\PROJECTS\ORION19\ORION19\DEBUG\MAIN.OBJ
E:\C++ PROJECTS\PROJECTS\ORION19\ORION19\DEBUG\ASSETMANAGER.OBJ
E:\C++ PROJECTS\PROJECTS\ORION19\ORION19\DEBUG\BULLET.OBJ
E:\C++ PROJECTS\PROJECTS\ORION19\ORION19\DEBUG\BUTTON.OBJ
E:\C++ PROJECTS\PROJECTS\ORION19\ORION19\DEBUG\CREDITSSTATE.OBJ
E:\C++ PROJECTS\PROJECTS\ORION19\ORION19\DEBUG\DEFAULTSTATE.OBJ
E:\C++ PROJECTS\PROJECTS\ORION19\ORION19\DEBUG\ENEMY.OBJ
E:\C++ PROJECTS\PROJECTS\ORION19\ORION19\DEBUG\EXPLOSION.OBJ
E:\C++ PROJECTS\PROJECTS\ORION19\ORION19\DEBUG\VC110.PDB
D:\C++ PROJECTS\PROJECTS\ORION19\ORION19\DEBUG\GAMEOVERSTATE.OBJ
D:\C++ PROJECTS\PROJECTS\ORION19\ORION19\DEBUG\HELPSTATE.OBJ
D:\C++ PROJECTS\PROJECTS\ORION19\ORION19\DEBUG\IGAMEOBJECT.OBJ
D:\C++ PROJECTS\PROJECTS\ORION19\ORION19\DEBUG\INPUT.OBJ
D:\C++ PROJECTS\PROJECTS\ORION19\ORION19\DEBUG\MAP.OBJ
D:\C++ PROJECTS\PROJECTS\ORION19\ORION19\DEBUG\MENUSTATE.OBJ
D:\C++ PROJECTS\PROJECTS\ORION19\ORION19\DEBUG\PARTICLE.OBJ
D:\C++ PROJECTS\PROJECTS\ORION19\ORION19\DEBUG\PICKUP.OBJ
D:\C++ PROJECTS\PROJECTS\ORION19\ORION19\DEBUG\PLANET.OBJ
D:\C++ PROJECTS\PROJECTS\ORION19\ORION19\DEBUG\PLAYER.OBJ
D:\C++ PROJECTS\PROJECTS\ORION19\ORION19\DEBUG\SDLFRAMEWORK.OBJ
D:\C++ PROJECTS\PROJECTS\ORION19\ORION19\DEBUG\SOUND.OBJ
D:\C++ PROJECTS\PROJECTS\ORION19\ORION19\DEBUG\SPLASHSTATE.OBJ
D:\C++ PROJECTS\PROJECTS\ORION19\ORION19\DEBUG\SPRITE.OBJ
D:\C++ PROJECTS\PROJECTS\ORION19\ORION19\DEBUG\STATEMANAGER.OBJ
D:\C++ PROJECTS\PROJECTS\ORION19\ORION19\DEBUG\SURFACE.OBJ
D:\C++ PROJECTS\PROJECTS\ORION19\ORION19\DEBUG\TEXTURE.OBJ
D:\C++ PROJECTS\PROJECTS\ORION19\ORION19\DEBUG\TIMER.OBJ
D:\C++ PROJECTS\PROJECTS\ORION19\ORION19\DEBUG\UTILS.OBJ
D:\C++ PROJECTS\PROJECTS\ORION19\ORION19\DEBUG\MAIN.OBJ
D:\C++ PROJECTS\PROJECTS\ORION19\ORION19\DEBUG\ASSETMANAGER.OBJ
D:\C++ PROJECTS\PROJECTS\ORION19\ORION19\DEBUG\BULLET.OBJ
D:\C++ PROJECTS\PROJECTS\ORION19\ORION19\DEBUG\BUTTON.OBJ
D:\C++ PROJECTS\PROJECTS\ORION19\ORION19\DEBUG\CREDITSSTATE.OBJ
D:\C++ PROJECTS\PROJECTS\ORION19\ORION19\DEBUG\DEFAULTSTATE.OBJ
D:\C++ PROJECTS\PROJECTS\ORION19\ORION19\DEBUG\ENEMY.OBJ
D:\C++ PROJECTS\PROJECTS\ORION19\ORION19\DEBUG\EXPLOSION.OBJ
D:\C++ PROJECTS\PROJECTS\ORION19\ORION19\DEBUG\GAMEMANAGER.OBJ
D:\C++ PROJECTS\PROJECTS\ORION19\ORION19\DEBUG\VC110.PDB
E:\C++ PROJECTS\PROJECTS\ORION19\DEBUG\ORION19.ILK
E:\C++ PROJECTS\PROJECTS\ORION19\DEBUG\ORION19.EXE
E:\C++ PROJECTS\PROJECTS\ORION19\DEBUG\ORION19.PDB
D:\C++ PROJECTS\PROJECTS\ORION19\DEBUG\ORION19.ILK
D:\C++ PROJECTS\PROJECTS\ORION19\DEBUG\ORION19.EXE
D:\C++ PROJECTS\PROJECTS\ORION19\DEBUG\ORION19.PDB
E:\C++ PROJECTS\PROJECTS\ORION19\ORION19\DEBUG\RESOURCES.RES
D:\C++ PROJECTS\PROJECTS\ORION19\ORION19\DEBUG\RESOURCES.RES
E:\C++ Projects\Projects\Orion19\Orion19\Debug\AssetManager.obj
E:\C++ Projects\Projects\Orion19\Orion19\Debug\Bullet.obj
E:\C++ Projects\Projects\Orion19\Orion19\Debug\Button.obj
E:\C++ Projects\Projects\Orion19\Orion19\Debug\CreditsState.obj
E:\C++ Projects\Projects\Orion19\Orion19\Debug\DefaultState.obj
E:\C++ Projects\Projects\Orion19\Orion19\Debug\Enemy.obj
E:\C++ Projects\Projects\Orion19\Orion19\Debug\Explosion.obj
E:\C++ Projects\Projects\Orion19\Orion19\Debug\GameManager.obj
E:\C++ Projects\Projects\Orion19\Orion19\Debug\GameOverState.obj
E:\C++ Projects\Projects\Orion19\Orion19\Debug\HelpState.obj
E:\C++ Projects\Projects\Orion19\Orion19\Debug\IGameObject.obj
E:\C++ Projects\Projects\Orion19\Orion19\Debug\Input.obj
E:\C++ Projects\Projects\Orion19\Orion19\Debug\main.obj
E:\C++ Projects\Projects\Orion19\Orion19\Debug\Map.obj
E:\C++ Projects\Projects\Orion19\Orion19\Debug\MenuState.obj
E:\C++ Projects\Projects\Orion19\Orion19\Debug\Particle.obj
E:\C++ Projects\Projects\Orion19\Orion19\Debug\Pickup.obj
E:\C++ Projects\Projects\Orion19\Orion19\Debug\Planet.obj
E:\C++ Projects\Projects\Orion19\Orion19\Debug\Player.obj
E:\C++ Projects\Projects\Orion19\Orion19\Debug\SDLFramework.obj
E:\C++ Projects\Projects\Orion19\Orion19\Debug\Sound.obj
E:\C++ Projects\Projects\Orion19\Orion19\Debug\SplashState.obj
E:\C++ Projects\Projects\Orion19\Orion19\Debug\Sprite.obj
E:\C++ Projects\Projects\Orion19\Orion19\Debug\StateManager.obj
E:\C++ Projects\Projects\Orion19\Orion19\Debug\Surface.obj
E:\C++ Projects\Projects\Orion19\Orion19\Debug\Texture.obj
E:\C++ Projects\Projects\Orion19\Orion19\Debug\Timer.obj
E:\C++ Projects\Projects\Orion19\Orion19\Debug\Utils.obj
E:\C++ Projects\Projects\Orion19\Orion19\Debug\cl.command.1.tlog
E:\C++ Projects\Projects\Orion19\Orion19\Debug\CL.read.1.tlog
E:\C++ Projects\Projects\Orion19\Orion19\Debug\CL.write.1.tlog
E:\C++ Projects\Projects\Orion19\Orion19\Debug\link-cvtres.read.1.tlog
E:\C++ Projects\Projects\Orion19\Orion19\Debug\link-cvtres.write.1.tlog
E:\C++ Projects\Projects\Orion19\Orion19\Debug\link-rc.read.1.tlog
E:\C++ Projects\Projects\Orion19\Orion19\Debug\link-rc.write.1.tlog
E:\C++ Projects\Projects\Orion19\Orion19\Debug\link.command.1.tlog
E:\C++ Projects\Projects\Orion19\Orion19\Debug\link.read.1.tlog
E:\C++ Projects\Projects\Orion19\Orion19\Debug\link.write.1.tlog
E:\C++ Projects\Projects\Orion19\Orion19\Debug\rc.command.1.tlog
E:\C++ Projects\Projects\Orion19\Orion19\Debug\rc.read.1.tlog
E:\C++ Projects\Projects\Orion19\Orion19\Debug\rc.write.1.tlog
E:\C++ Projects\Projects\Orion19\Orion19\Debug\Resources.res
E:\C++ Projects\Projects\Orion19\Orion19\Debug\vc110.idb
E:\C++ Projects\Projects\Orion19\Orion19\Debug\vc120.idb
E:\C++ Projects\Projects\Orion19\Orion19\Debug\vc110.pdb
E:\C++ Projects\Projects\Orion19\Orion19\Debug\vc120.pdb
E:\C++ Projects\Projects\Orion19\Debug\Orion19.pdb
E:\C++ Projects\Projects\Orion19\Debug\Orion19.exe
E:\C++ Projects\Projects\Orion19\Debug\Orion19.ilk
